0 info it worked if it ends with ok
1 verbose cli [ '/usr/bin/node6', '/usr/bin/npm-default', 'run', 'build' ]
2 info using npm@3.10.10
3 info using node@v6.12.2
4 verbose run-script [ 'prebuild', 'build', 'postbuild' ]
5 info lifecycle denis_rylow_task_lptrends@1.0.0~prebuild: denis_rylow_task_lptrends@1.0.0
6 silly lifecycle denis_rylow_task_lptrends@1.0.0~prebuild: no script for prebuild, continuing
7 info lifecycle denis_rylow_task_lptrends@1.0.0~build: denis_rylow_task_lptrends@1.0.0
8 verbose lifecycle denis_rylow_task_lptrends@1.0.0~build: unsafe-perm in lifecycle true
9 verbose lifecycle denis_rylow_task_lptrends@1.0.0~build: PATH: /usr/lib64/node_modules/npm6/bin/node-gyp-bin:/home/denis/Library/Programmes/lptrends.com/node_modules/.bin:/home/denis/anaconda3/bin:/usr/local/texlive/2017/bin/x86_64-linux:/usr/local/texlive/2017/bin/x86_64-linux:/home/denis/anaconda3/bin:/usr/local/texlive/2017/bin/x86_64-linux:/home/denis/bin:/usr/local/bin:/usr/bin:/bin:/usr/bin/X11:/usr/games
10 verbose lifecycle denis_rylow_task_lptrends@1.0.0~build: CWD: /home/denis/Library/Programmes/lptrends.com
11 silly lifecycle denis_rylow_task_lptrends@1.0.0~build: Args: [ '-c', 'webpack' ]
12 silly lifecycle denis_rylow_task_lptrends@1.0.0~build: Returned: code: 2  signal: null
13 info lifecycle denis_rylow_task_lptrends@1.0.0~build: Failed to exec build script
14 verbose stack Error: denis_rylow_task_lptrends@1.0.0 build: `webpack`
14 verbose stack Exit status 2
14 verbose stack     at EventEmitter.<anonymous> (/usr/lib64/node_modules/npm6/lib/utils/lifecycle.js:255:16)
14 verbose stack     at emitTwo (events.js:106:13)
14 verbose stack     at EventEmitter.emit (events.js:191:7)
14 verbose stack     at ChildProcess.<anonymous> (/usr/lib64/node_modules/npm6/lib/utils/spawn.js:40:14)
14 verbose stack     at emitTwo (events.js:106:13)
14 verbose stack     at ChildProcess.emit (events.js:191:7)
14 verbose stack     at maybeClose (internal/child_process.js:920:16)
14 verbose stack     at Process.ChildProcess._handle.onexit (internal/child_process.js:230:5)
15 verbose pkgid denis_rylow_task_lptrends@1.0.0
16 verbose cwd /home/denis/Library/Programmes/lptrends.com
17 error Linux 4.4.79-19-default
18 error argv "/usr/bin/node6" "/usr/bin/npm-default" "run" "build"
19 error node v6.12.2
20 error npm  v3.10.10
21 error code ELIFECYCLE
22 error denis_rylow_task_lptrends@1.0.0 build: `webpack`
22 error Exit status 2
23 error Failed at the denis_rylow_task_lptrends@1.0.0 build script 'webpack'.
23 error Make sure you have the latest version of node.js and npm installed.
23 error If you do, this is most likely a problem with the denis_rylow_task_lptrends package,
23 error not with npm itself.
23 error Tell the author that this fails on your system:
23 error     webpack
23 error You can get information on how to open an issue for this project with:
23 error     npm bugs denis_rylow_task_lptrends
23 error Or if that isn't available, you can get their info via:
23 error     npm owner ls denis_rylow_task_lptrends
23 error There is likely additional logging output above.
24 verbose exit [ 1, true ]
